<?xml version="1.0" encoding="UTF-8"?>
<!-- Generated by org.testng.reporters.JUnitReportReporter -->
<testsuite hostname="mithun" failures="0" tests="2" name="RestAssured.RestAssuredAutomation.AppTest" time="2.721" errors="0" timestamp="2023-09-30T12:19:36 IST" skipped="0">
  <testcase classname="RestAssured.RestAssuredAutomation.AppTest" name="Test2" time="2.585"/>
  <testcase classname="RestAssured.RestAssuredAutomation.AppTest" name="test1" time="0.136"/>
</testsuite> <!-- RestAssured.RestAssuredAutomation.AppTest -->
